2019-03-08 14:56:04.082  INFO 26785 --- [main] a.b.d.c.e.WelcomeLogoApplicationListener : 

 :: Dubbo Spring Boot (v0.2.0) : https://github.com/apache/incubator-dubbo-spring-boot-project
 :: Dubbo (v2.6.2) : https://github.com/apache/incubator-dubbo
 :: Google group : dev@dubbo.incubator.apache.org

2019-03-08 14:56:04.086  INFO 26785 --- [main] e.OverrideDubboConfigApplicationListener : Dubbo Config was overridden by externalized configuration {dubbo.application.id=dubbo-provider, dubbo.application.name=dubbo-provider, dubbo.protocol.id== dubbo, dubbo.protocol.name=dubbo, dubbo.protocol.port=20880, dubbo.protocol.status=server, dubbo.registry.address=zookeeper://localhost:2181, dubbo.registry.id=my-registry, dubbo.registry.timeout=1200000, dubbo.scan.basePackages=com.raymon.provider}
2019-03-08 14:56:04.150  INFO 26785 --- [main] c.r.provider.DubboProviderApplication    : Starting DubboProviderApplication on RaymondeMacBook-Pro.local with PID 26785 (/Users/raymon/Documents/software/workspace/dubbo-boot/dubbo-provider/target/classes started by raymon in /Users/raymon/Documents/software/workspace/dubbo-boot)
2019-03-08 14:56:04.150 DEBUG 26785 --- [main] c.r.provider.DubboProviderApplication    : Running with Spring Boot v2.0.3.RELEASE, Spring v5.0.7.RELEASE
2019-03-08 14:56:04.151  INFO 26785 --- [main] c.r.provider.DubboProviderApplication    : The following profiles are active: dev
2019-03-08 14:56:04.188  INFO 26785 --- [main] ConfigServletWebServerApplicationContext : Refreshing org.springframework.boot.web.servlet.context.AnnotationConfigServletWebServerApplicationContext@23fb172e: startup date [Fri Mar 08 14:56:04 CST 2019]; root of context hierarchy
2019-03-08 14:56:04.726  INFO 26785 --- [main] .a.d.c.s.c.a.DubboConfigBindingRegistrar : The dubbo config bean definition [name : dubbo-provider, class : com.alibaba.dubbo.config.ApplicationConfig] has been registered.
2019-03-08 14:56:04.727  INFO 26785 --- [main] .a.d.c.s.c.a.DubboConfigBindingRegistrar : The BeanPostProcessor bean definition [com.alibaba.dubbo.config.spring.beans.factory.annotation.DubboConfigBindingBeanPostProcessor] for dubbo config bean [name : dubbo-provider] has been registered.
2019-03-08 14:56:04.727  INFO 26785 --- [main] .a.d.c.s.c.a.DubboConfigBindingRegistrar : The dubbo config bean definition [name : my-registry, class : com.alibaba.dubbo.config.RegistryConfig] has been registered.
2019-03-08 14:56:04.727  INFO 26785 --- [main] .a.d.c.s.c.a.DubboConfigBindingRegistrar : The BeanPostProcessor bean definition [com.alibaba.dubbo.config.spring.beans.factory.annotation.DubboConfigBindingBeanPostProcessor] for dubbo config bean [name : my-registry] has been registered.
2019-03-08 14:56:04.728  INFO 26785 --- [main] .a.d.c.s.c.a.DubboConfigBindingRegistrar : The dubbo config bean definition [name : = dubbo, class : com.alibaba.dubbo.config.ProtocolConfig] has been registered.
2019-03-08 14:56:04.728  INFO 26785 --- [main] .a.d.c.s.c.a.DubboConfigBindingRegistrar : The BeanPostProcessor bean definition [com.alibaba.dubbo.config.spring.beans.factory.annotation.DubboConfigBindingBeanPostProcessor] for dubbo config bean [name : = dubbo] has been registered.
2019-03-08 14:56:04.740 DEBUG 26785 --- [main] o.m.s.b.a.MybatisAutoConfiguration       : Searching for mappers annotated with @Mapper
2019-03-08 14:56:04.742 DEBUG 26785 --- [main] o.m.s.b.a.MybatisAutoConfiguration       : Using auto-configuration base package 'com.raymon.provider'
2019-03-08 14:56:04.744 DEBUG 26785 --- [main] o.m.s.mapper.ClassPathMapperScanner      : Identified candidate component class: file [/Users/raymon/Documents/software/workspace/dubbo-boot/dubbo-provider/target/classes/com/raymon/provider/dao/UserMapper.class]
2019-03-08 14:56:04.745 DEBUG 26785 --- [main] o.m.s.mapper.ClassPathMapperScanner      : Identified candidate component class: file [/Users/raymon/Documents/software/workspace/dubbo-boot/dubbo-provider/target/classes/com/raymon/provider/dao/contract/ContractInfoPojoMapper.class]
2019-03-08 14:56:04.745 DEBUG 26785 --- [main] o.m.s.mapper.ClassPathMapperScanner      : Identified candidate component class: file [/Users/raymon/Documents/software/workspace/dubbo-boot/dubbo-provider/target/classes/com/raymon/provider/dao/user/PermissionPojoMapper.class]
2019-03-08 14:56:04.745 DEBUG 26785 --- [main] o.m.s.mapper.ClassPathMapperScanner      : Identified candidate component class: file [/Users/raymon/Documents/software/workspace/dubbo-boot/dubbo-provider/target/classes/com/raymon/provider/dao/user/URolePermissionMapper.class]
2019-03-08 14:56:04.745 DEBUG 26785 --- [main] o.m.s.mapper.ClassPathMapperScanner      : Identified candidate component class: file [/Users/raymon/Documents/software/workspace/dubbo-boot/dubbo-provider/target/classes/com/raymon/provider/dao/user/URolePojoMapper.class]
2019-03-08 14:56:04.745 DEBUG 26785 --- [main] o.m.s.mapper.ClassPathMapperScanner      : Identified candidate component class: file [/Users/raymon/Documents/software/workspace/dubbo-boot/dubbo-provider/target/classes/com/raymon/provider/dao/user/UserPojoMapper.class]
2019-03-08 14:56:04.745 DEBUG 26785 --- [main] o.m.s.mapper.ClassPathMapperScanner      : Identified candidate component class: file [/Users/raymon/Documents/software/workspace/dubbo-boot/dubbo-provider/target/classes/com/raymon/provider/dao/user/UserRolePojoMapper.class]
2019-03-08 14:56:04.746 DEBUG 26785 --- [main] o.m.s.mapper.ClassPathMapperScanner      : Creating MapperFactoryBean with name 'userMapper' and 'com.raymon.provider.dao.UserMapper' mapperInterface
2019-03-08 14:56:04.746 DEBUG 26785 --- [main] o.m.s.mapper.ClassPathMapperScanner      : Enabling autowire by type for MapperFactoryBean with name 'userMapper'.
2019-03-08 14:56:04.746 DEBUG 26785 --- [main] o.m.s.mapper.ClassPathMapperScanner      : Creating MapperFactoryBean with name 'contractInfoPojoMapper' and 'com.raymon.provider.dao.contract.ContractInfoPojoMapper' mapperInterface
2019-03-08 14:56:04.746 DEBUG 26785 --- [main] o.m.s.mapper.ClassPathMapperScanner      : Enabling autowire by type for MapperFactoryBean with name 'contractInfoPojoMapper'.
2019-03-08 14:56:04.746 DEBUG 26785 --- [main] o.m.s.mapper.ClassPathMapperScanner      : Creating MapperFactoryBean with name 'permissionPojoMapper' and 'com.raymon.provider.dao.user.PermissionPojoMapper' mapperInterface
2019-03-08 14:56:04.746 DEBUG 26785 --- [main] o.m.s.mapper.ClassPathMapperScanner      : Enabling autowire by type for MapperFactoryBean with name 'permissionPojoMapper'.
2019-03-08 14:56:04.746 DEBUG 26785 --- [main] o.m.s.mapper.ClassPathMapperScanner      : Creating MapperFactoryBean with name 'URolePermissionMapper' and 'com.raymon.provider.dao.user.URolePermissionMapper' mapperInterface
2019-03-08 14:56:04.746 DEBUG 26785 --- [main] o.m.s.mapper.ClassPathMapperScanner      : Enabling autowire by type for MapperFactoryBean with name 'URolePermissionMapper'.
2019-03-08 14:56:04.746 DEBUG 26785 --- [main] o.m.s.mapper.ClassPathMapperScanner      : Creating MapperFactoryBean with name 'URolePojoMapper' and 'com.raymon.provider.dao.user.URolePojoMapper' mapperInterface
2019-03-08 14:56:04.747 DEBUG 26785 --- [main] o.m.s.mapper.ClassPathMapperScanner      : Enabling autowire by type for MapperFactoryBean with name 'URolePojoMapper'.
2019-03-08 14:56:04.747 DEBUG 26785 --- [main] o.m.s.mapper.ClassPathMapperScanner      : Creating MapperFactoryBean with name 'userPojoMapper' and 'com.raymon.provider.dao.user.UserPojoMapper' mapperInterface
2019-03-08 14:56:04.747 DEBUG 26785 --- [main] o.m.s.mapper.ClassPathMapperScanner      : Enabling autowire by type for MapperFactoryBean with name 'userPojoMapper'.
2019-03-08 14:56:04.747 DEBUG 26785 --- [main] o.m.s.mapper.ClassPathMapperScanner      : Creating MapperFactoryBean with name 'userRolePojoMapper' and 'com.raymon.provider.dao.user.UserRolePojoMapper' mapperInterface
2019-03-08 14:56:04.747 DEBUG 26785 --- [main] o.m.s.mapper.ClassPathMapperScanner      : Enabling autowire by type for MapperFactoryBean with name 'userRolePojoMapper'.
2019-03-08 14:56:04.776  INFO 26785 --- [main] .s.d.r.c.RepositoryConfigurationDelegate : Multiple Spring Data modules found, entering strict repository configuration mode!
2019-03-08 14:56:04.907 ERROR 26785 --- [main] o.s.boot.SpringApplication               : Application run failed

org.springframework.context.annotation.ConflictingBeanDefinitionException: Annotation-specified bean name 'userServiceImpl' for bean class [com.raymon.provider.service.impl.user.IUserServiceImpl] conflicts with existing, non-compatible bean definition of same name and class [com.raymon.provider.service.impl.UserServiceImpl]
	at org.springframework.context.annotation.ClassPathBeanDefinitionScanner.checkCandidate(ClassPathBeanDefinitionScanner.java:348) ~[spring-context-5.0.7.RELEASE.jar:5.0.7.RELEASE]
	at com.alibaba.dubbo.config.spring.context.annotation.DubboClassPathBeanDefinitionScanner.checkCandidate(DubboClassPathBeanDefinitionScanner.java:67) ~[dubbo-2.6.2.jar:2.6.2]
	at org.springframework.context.annotation.ClassPathBeanDefinitionScanner.doScan(ClassPathBeanDefinitionScanner.java:286) ~[spring-context-5.0.7.RELEASE.jar:5.0.7.RELEASE]
	at com.alibaba.dubbo.config.spring.context.annotation.DubboClassPathBeanDefinitionScanner.doScan(DubboClassPathBeanDefinitionScanner.java:62) ~[dubbo-2.6.2.jar:2.6.2]
	at org.springframework.context.annotation.ClassPathBeanDefinitionScanner.scan(ClassPathBeanDefinitionScanner.java:253) ~[spring-context-5.0.7.RELEASE.jar:5.0.7.RELEASE]
	at com.alibaba.dubbo.config.spring.beans.factory.annotation.ServiceAnnotationBeanPostProcessor.registerServiceBeans(ServiceAnnotationBeanPostProcessor.java:134) ~[dubbo-2.6.2.jar:2.6.2]
	at com.alibaba.dubbo.config.spring.beans.factory.annotation.ServiceAnnotationBeanPostProcessor.postProcessBeanDefinitionRegistry(ServiceAnnotationBeanPostProcessor.java:104) ~[dubbo-2.6.2.jar:2.6.2]
	at org.springframework.context.support.PostProcessorRegistrationDelegate.invokeBeanDefinitionRegistryPostProcessors(PostProcessorRegistrationDelegate.java:273) ~[spring-context-5.0.7.RELEASE.jar:5.0.7.RELEASE]
	at org.springframework.context.support.PostProcessorRegistrationDelegate.invokeBeanFactoryPostProcessors(PostProcessorRegistrationDelegate.java:123) ~[spring-context-5.0.7.RELEASE.jar:5.0.7.RELEASE]
	at org.springframework.context.support.AbstractApplicationContext.invokeBeanFactoryPostProcessors(AbstractApplicationContext.java:694) ~[spring-context-5.0.7.RELEASE.jar:5.0.7.RELEASE]
	at org.springframework.context.support.AbstractApplicationContext.refresh(AbstractApplicationContext.java:532) ~[spring-context-5.0.7.RELEASE.jar:5.0.7.RELEASE]
	at org.springframework.boot.web.servlet.context.ServletWebServerApplicationContext.refresh(ServletWebServerApplicationContext.java:140) ~[spring-boot-2.0.3.RELEASE.jar:2.0.3.RELEASE]
	at org.springframework.boot.SpringApplication.refresh(SpringApplication.java:759) [spring-boot-2.0.3.RELEASE.jar:2.0.3.RELEASE]
	at org.springframework.boot.SpringApplication.refreshContext(SpringApplication.java:395) [spring-boot-2.0.3.RELEASE.jar:2.0.3.RELEASE]
	at org.springframework.boot.SpringApplication.run(SpringApplication.java:327) [spring-boot-2.0.3.RELEASE.jar:2.0.3.RELEASE]
	at org.springframework.boot.SpringApplication.run(SpringApplication.java:1255) [spring-boot-2.0.3.RELEASE.jar:2.0.3.RELEASE]
	at org.springframework.boot.SpringApplication.run(SpringApplication.java:1243) [spring-boot-2.0.3.RELEASE.jar:2.0.3.RELEASE]
	at com.raymon.provider.DubboProviderApplication.main(DubboProviderApplication.java:10) [classes/:na]

2019-03-08 14:56:04.908  INFO 26785 --- [main] ConfigServletWebServerApplicationContext : Closing org.springframework.boot.web.servlet.context.AnnotationConfigServletWebServerApplicationContext@23fb172e: startup date [Fri Mar 08 14:56:04 CST 2019]; root of context hierarchy
2019-03-08 15:18:55.103  INFO 27089 --- [main] a.b.d.c.e.WelcomeLogoApplicationListener : 

 :: Dubbo Spring Boot (v0.2.0) : https://github.com/apache/incubator-dubbo-spring-boot-project
 :: Dubbo (v2.6.2) : https://github.com/apache/incubator-dubbo
 :: Google group : dev@dubbo.incubator.apache.org

2019-03-08 15:18:55.108  INFO 27089 --- [main] e.OverrideDubboConfigApplicationListener : Dubbo Config was overridden by externalized configuration {dubbo.application.id=dubbo-provider, dubbo.application.name=dubbo-provider, dubbo.protocol.id== dubbo, dubbo.protocol.name=dubbo, dubbo.protocol.port=20880, dubbo.protocol.status=server, dubbo.registry.address=zookeeper://localhost:2181, dubbo.registry.id=my-registry, dubbo.registry.timeout=1200000, dubbo.scan.basePackages=com.raymon.provider}
2019-03-08 15:18:55.198  INFO 27089 --- [main] c.r.provider.DubboProviderApplication    : Starting DubboProviderApplication on RaymondeMacBook-Pro.local with PID 27089 (/Users/raymon/Documents/software/workspace/dubbo-boot/dubbo-provider/target/classes started by raymon in /Users/raymon/Documents/software/workspace/dubbo-boot)
2019-03-08 15:18:55.198 DEBUG 27089 --- [main] c.r.provider.DubboProviderApplication    : Running with Spring Boot v2.0.3.RELEASE, Spring v5.0.7.RELEASE
2019-03-08 15:18:55.199  INFO 27089 --- [main] c.r.provider.DubboProviderApplication    : The following profiles are active: dev
2019-03-08 15:18:55.233  INFO 27089 --- [main] ConfigServletWebServerApplicationContext : Refreshing org.springframework.boot.web.servlet.context.AnnotationConfigServletWebServerApplicationContext@158a3b2e: startup date [Fri Mar 08 15:18:55 CST 2019]; root of context hierarchy
2019-03-08 15:18:55.874  INFO 27089 --- [main] .a.d.c.s.c.a.DubboConfigBindingRegistrar : The dubbo config bean definition [name : dubbo-provider, class : com.alibaba.dubbo.config.ApplicationConfig] has been registered.
2019-03-08 15:18:55.875  INFO 27089 --- [main] .a.d.c.s.c.a.DubboConfigBindingRegistrar : The BeanPostProcessor bean definition [com.alibaba.dubbo.config.spring.beans.factory.annotation.DubboConfigBindingBeanPostProcessor] for dubbo config bean [name : dubbo-provider] has been registered.
2019-03-08 15:18:55.876  INFO 27089 --- [main] .a.d.c.s.c.a.DubboConfigBindingRegistrar : The dubbo config bean definition [name : my-registry, class : com.alibaba.dubbo.config.RegistryConfig] has been registered.
2019-03-08 15:18:55.876  INFO 27089 --- [main] .a.d.c.s.c.a.DubboConfigBindingRegistrar : The BeanPostProcessor bean definition [com.alibaba.dubbo.config.spring.beans.factory.annotation.DubboConfigBindingBeanPostProcessor] for dubbo config bean [name : my-registry] has been registered.
2019-03-08 15:18:55.876  INFO 27089 --- [main] .a.d.c.s.c.a.DubboConfigBindingRegistrar : The dubbo config bean definition [name : = dubbo, class : com.alibaba.dubbo.config.ProtocolConfig] has been registered.
2019-03-08 15:18:55.876  INFO 27089 --- [main] .a.d.c.s.c.a.DubboConfigBindingRegistrar : The BeanPostProcessor bean definition [com.alibaba.dubbo.config.spring.beans.factory.annotation.DubboConfigBindingBeanPostProcessor] for dubbo config bean [name : = dubbo] has been registered.
2019-03-08 15:18:55.887 DEBUG 27089 --- [main] o.m.s.b.a.MybatisAutoConfiguration       : Searching for mappers annotated with @Mapper
2019-03-08 15:18:55.889 DEBUG 27089 --- [main] o.m.s.b.a.MybatisAutoConfiguration       : Using auto-configuration base package 'com.raymon.provider'
2019-03-08 15:18:55.891 DEBUG 27089 --- [main] o.m.s.mapper.ClassPathMapperScanner      : Identified candidate component class: file [/Users/raymon/Documents/software/workspace/dubbo-boot/dubbo-provider/target/classes/com/raymon/provider/dao/UserMapper.class]
2019-03-08 15:18:55.892 DEBUG 27089 --- [main] o.m.s.mapper.ClassPathMapperScanner      : Identified candidate component class: file [/Users/raymon/Documents/software/workspace/dubbo-boot/dubbo-provider/target/classes/com/raymon/provider/dao/contract/ContractInfoPojoMapper.class]
2019-03-08 15:18:55.892 DEBUG 27089 --- [main] o.m.s.mapper.ClassPathMapperScanner      : Identified candidate component class: file [/Users/raymon/Documents/software/workspace/dubbo-boot/dubbo-provider/target/classes/com/raymon/provider/dao/user/PermissionPojoMapper.class]
2019-03-08 15:18:55.892 DEBUG 27089 --- [main] o.m.s.mapper.ClassPathMapperScanner      : Identified candidate component class: file [/Users/raymon/Documents/software/workspace/dubbo-boot/dubbo-provider/target/classes/com/raymon/provider/dao/user/URolePermissionMapper.class]
2019-03-08 15:18:55.892 DEBUG 27089 --- [main] o.m.s.mapper.ClassPathMapperScanner      : Identified candidate component class: file [/Users/raymon/Documents/software/workspace/dubbo-boot/dubbo-provider/target/classes/com/raymon/provider/dao/user/URolePojoMapper.class]
2019-03-08 15:18:55.892 DEBUG 27089 --- [main] o.m.s.mapper.ClassPathMapperScanner      : Identified candidate component class: file [/Users/raymon/Documents/software/workspace/dubbo-boot/dubbo-provider/target/classes/com/raymon/provider/dao/user/UserPojoMapper.class]
2019-03-08 15:18:55.892 DEBUG 27089 --- [main] o.m.s.mapper.ClassPathMapperScanner      : Identified candidate component class: file [/Users/raymon/Documents/software/workspace/dubbo-boot/dubbo-provider/target/classes/com/raymon/provider/dao/user/UserRolePojoMapper.class]
2019-03-08 15:18:55.893 DEBUG 27089 --- [main] o.m.s.mapper.ClassPathMapperScanner      : Creating MapperFactoryBean with name 'userMapper' and 'com.raymon.provider.dao.UserMapper' mapperInterface
2019-03-08 15:18:55.893 DEBUG 27089 --- [main] o.m.s.mapper.ClassPathMapperScanner      : Enabling autowire by type for MapperFactoryBean with name 'userMapper'.
2019-03-08 15:18:55.893 DEBUG 27089 --- [main] o.m.s.mapper.ClassPathMapperScanner      : Creating MapperFactoryBean with name 'contractInfoPojoMapper' and 'com.raymon.provider.dao.contract.ContractInfoPojoMapper' mapperInterface
2019-03-08 15:18:55.893 DEBUG 27089 --- [main] o.m.s.mapper.ClassPathMapperScanner      : Enabling autowire by type for MapperFactoryBean with name 'contractInfoPojoMapper'.
2019-03-08 15:18:55.893 DEBUG 27089 --- [main] o.m.s.mapper.ClassPathMapperScanner      : Creating MapperFactoryBean with name 'permissionPojoMapper' and 'com.raymon.provider.dao.user.PermissionPojoMapper' mapperInterface
2019-03-08 15:18:55.893 DEBUG 27089 --- [main] o.m.s.mapper.ClassPathMapperScanner      : Enabling autowire by type for MapperFactoryBean with name 'permissionPojoMapper'.
2019-03-08 15:18:55.893 DEBUG 27089 --- [main] o.m.s.mapper.ClassPathMapperScanner      : Creating MapperFactoryBean with name 'URolePermissionMapper' and 'com.raymon.provider.dao.user.URolePermissionMapper' mapperInterface
2019-03-08 15:18:55.893 DEBUG 27089 --- [main] o.m.s.mapper.ClassPathMapperScanner      : Enabling autowire by type for MapperFactoryBean with name 'URolePermissionMapper'.
2019-03-08 15:18:55.893 DEBUG 27089 --- [main] o.m.s.mapper.ClassPathMapperScanner      : Creating MapperFactoryBean with name 'URolePojoMapper' and 'com.raymon.provider.dao.user.URolePojoMapper' mapperInterface
2019-03-08 15:18:55.893 DEBUG 27089 --- [main] o.m.s.mapper.ClassPathMapperScanner      : Enabling autowire by type for MapperFactoryBean with name 'URolePojoMapper'.
2019-03-08 15:18:55.893 DEBUG 27089 --- [main] o.m.s.mapper.ClassPathMapperScanner      : Creating MapperFactoryBean with name 'userPojoMapper' and 'com.raymon.provider.dao.user.UserPojoMapper' mapperInterface
2019-03-08 15:18:55.894 DEBUG 27089 --- [main] o.m.s.mapper.ClassPathMapperScanner      : Enabling autowire by type for MapperFactoryBean with name 'userPojoMapper'.
2019-03-08 15:18:55.894 DEBUG 27089 --- [main] o.m.s.mapper.ClassPathMapperScanner      : Creating MapperFactoryBean with name 'userRolePojoMapper' and 'com.raymon.provider.dao.user.UserRolePojoMapper' mapperInterface
2019-03-08 15:18:55.894 DEBUG 27089 --- [main] o.m.s.mapper.ClassPathMapperScanner      : Enabling autowire by type for MapperFactoryBean with name 'userRolePojoMapper'.
2019-03-08 15:18:55.922  INFO 27089 --- [main] .s.d.r.c.RepositoryConfigurationDelegate : Multiple Spring Data modules found, entering strict repository configuration mode!
2019-03-08 15:18:56.035  WARN 27089 --- [main] o.s.c.a.ConfigurationClassPostProcessor  : Cannot enhance @Configuration bean definition 'com.alibaba.boot.dubbo.autoconfigure.DubboAutoConfiguration' since its singleton instance has been created too early. The typical cause is a non-static @Bean method with a BeanDefinitionRegistryPostProcessor return type: Consider declaring such methods as 'static'.
2019-03-08 15:18:56.343  INFO 27089 --- [main] trationDelegate$BeanPostProcessorChecker : Bean 'relaxedDubboConfigBinder' of type [com.alibaba.boot.dubbo.autoconfigure.RelaxedDubboConfigBinder] is not eligible for getting processed by all BeanPostProcessors (for example: not eligible for auto-proxying)
2019-03-08 15:18:56.354  INFO 27089 --- [main] trationDelegate$BeanPostProcessorChecker : Bean 'redisConfig' of type [com.raymon.provider.config.RedisConfig$$EnhancerBySpringCGLIB$$cfd96616] is not eligible for getting processed by all BeanPostProcessors (for example: not eligible for auto-proxying)
2019-03-08 15:18:56.362  INFO 27089 --- [main] trationDelegate$BeanPostProcessorChecker : Bean 'org.springframework.transaction.annotation.ProxyTransactionManagementConfiguration' of type [org.springframework.transaction.annotation.ProxyTransactionManagementConfiguration$$EnhancerBySpringCGLIB$$4dd4bea2] is not eligible for getting processed by all BeanPostProcessors (for example: not eligible for auto-proxying)
2019-03-08 15:18:56.398  INFO 27089 --- [main] trationDelegate$BeanPostProcessorChecker : Bean 'keyGenerator' of type [com.raymon.provider.config.RedisConfig$$Lambda$232/830381116] is not eligible for getting processed by all BeanPostProcessors (for example: not eligible for auto-proxying)
2019-03-08 15:18:56.398  INFO 27089 --- [main] com.raymon.provider.config.RedisConfig   : 初始化 -> [Redis CacheErrorHandler]
2019-03-08 15:18:56.401  INFO 27089 --- [main] trationDelegate$BeanPostProcessorChecker : Bean 'errorHandler' of type [com.raymon.provider.config.RedisConfig$1] is not eligible for getting processed by all BeanPostProcessors (for example: not eligible for auto-proxying)
2019-03-08 15:18:56.438  INFO 27089 --- [main] trationDelegate$BeanPostProcessorChecker : Bean 'relaxedDubboConfigBinder' of type [com.alibaba.boot.dubbo.autoconfigure.RelaxedDubboConfigBinder] is not eligible for getting processed by all BeanPostProcessors (for example: not eligible for auto-proxying)
2019-03-08 15:18:56.439  INFO 27089 --- [main] trationDelegate$BeanPostProcessorChecker : Bean 'relaxedDubboConfigBinder' of type [com.alibaba.boot.dubbo.autoconfigure.RelaxedDubboConfigBinder] is not eligible for getting processed by all BeanPostProcessors (for example: not eligible for auto-proxying)
2019-03-08 15:18:56.720  INFO 27089 --- [main] o.s.b.w.embedded.tomcat.TomcatWebServer  : Tomcat initialized with port(s): 8081 (http)
2019-03-08 15:18:56.746  INFO 27089 --- [main] o.apache.catalina.core.StandardService   : Starting service [Tomcat]
2019-03-08 15:18:56.746  INFO 27089 --- [main] org.apache.catalina.core.StandardEngine  : Starting Servlet Engine: Apache Tomcat/8.5.31
2019-03-08 15:18:56.749  INFO 27089 --- [localhost-startStop-1] o.a.catalina.core.AprLifecycleListener   : The APR based Apache Tomcat Native library which allows optimal performance in production environments was not found on the java.library.path: [/Users/raymon/Library/Java/Extensions:/Library/Java/Extensions:/Network/Library/Java/Extensions:/System/Library/Java/Extensions:/usr/lib/java:.]
2019-03-08 15:18:56.822  INFO 27089 --- [localhost-startStop-1] o.a.c.c.C.[Tomcat].[localhost].[/]       : Initializing Spring embedded WebApplicationContext
2019-03-08 15:18:56.822  INFO 27089 --- [localhost-startStop-1] o.s.web.context.ContextLoader            : Root WebApplicationContext: initialization completed in 1589 ms
2019-03-08 15:18:56.941  INFO 27089 --- [localhost-startStop-1] o.s.b.w.servlet.ServletRegistrationBean  : Servlet dispatcherServlet mapped to [/]
2019-03-08 15:18:56.945  INFO 27089 --- [localhost-startStop-1] o.s.b.w.servlet.FilterRegistrationBean   : Mapping filter: 'characterEncodingFilter' to: [/*]
2019-03-08 15:18:56.946  INFO 27089 --- [localhost-startStop-1] o.s.b.w.servlet.FilterRegistrationBean   : Mapping filter: 'hiddenHttpMethodFilter' to: [/*]
2019-03-08 15:18:56.946  INFO 27089 --- [localhost-startStop-1] o.s.b.w.servlet.FilterRegistrationBean   : Mapping filter: 'httpPutFormContentFilter' to: [/*]
2019-03-08 15:18:56.946  INFO 27089 --- [localhost-startStop-1] o.s.b.w.servlet.FilterRegistrationBean   : Mapping filter: 'requestContextFilter' to: [/*]
2019-03-08 15:18:57.005  INFO 27089 --- [main] com.raymon.provider.config.RedisConfig   : Create JedisConnectionFactory successful
2019-03-08 15:18:57.047  INFO 27089 --- [main] com.raymon.provider.config.RedisConfig   : JedisPool init successful，host -> [localhost]；port -> [6379]
2019-03-08 15:18:57.252  INFO 27089 --- [main] o.s.w.s.handler.SimpleUrlHandlerMapping  : Mapped URL path [/**/favicon.ico] onto handler of type [class org.springframework.web.servlet.resource.ResourceHttpRequestHandler]
2019-03-08 15:18:57.562  INFO 27089 --- [main] s.w.s.m.m.a.RequestMappingHandlerAdapter : Looking for @ControllerAdvice: org.springframework.boot.web.servlet.context.AnnotationConfigServletWebServerApplicationContext@158a3b2e: startup date [Fri Mar 08 15:18:55 CST 2019]; root of context hierarchy
2019-03-08 15:18:57.610  INFO 27089 --- [main] s.w.s.m.m.a.RequestMappingHandlerMapping : Mapped "{[/error]}" onto public org.springframework.http.ResponseEntity<java.util.Map<java.lang.String, java.lang.Object>> org.springframework.boot.autoconfigure.web.servlet.error.BasicErrorController.error(javax.servlet.http.HttpServletRequest)
2019-03-08 15:18:57.611  INFO 27089 --- [main] s.w.s.m.m.a.RequestMappingHandlerMapping : Mapped "{[/error],produces=[text/html]}" onto public org.springframework.web.servlet.ModelAndView org.springframework.boot.autoconfigure.web.servlet.error.BasicErrorController.errorHtml(javax.servlet.http.HttpServletRequest,javax.servlet.http.HttpServletResponse)
2019-03-08 15:18:57.638  INFO 27089 --- [main] o.s.w.s.handler.SimpleUrlHandlerMapping  : Mapped URL path [/webjars/**] onto handler of type [class org.springframework.web.servlet.resource.ResourceHttpRequestHandler]
2019-03-08 15:18:57.638  INFO 27089 --- [main] o.s.w.s.handler.SimpleUrlHandlerMapping  : Mapped URL path [/**] onto handler of type [class org.springframework.web.servlet.resource.ResourceHttpRequestHandler]
2019-03-08 15:18:57.703  INFO 27089 --- [main] .f.a.DubboConfigBindingBeanPostProcessor : The properties of bean [name : dubbo-provider] have been binding by prefix of configuration properties : dubbo.application
2019-03-08 15:18:57.710  INFO 27089 --- [main] .f.a.DubboConfigBindingBeanPostProcessor : The properties of bean [name : my-registry] have been binding by prefix of configuration properties : dubbo.registry
2019-03-08 15:18:57.730  INFO 27089 --- [main] .f.a.DubboConfigBindingBeanPostProcessor : The properties of bean [name : = dubbo] have been binding by prefix of configuration properties : dubbo.protocol
2019-03-08 15:18:57.833 DEBUG 27089 --- [main] o.m.s.b.a.MybatisAutoConfiguration       : No org.mybatis.spring.mapper.MapperFactoryBean found.
2019-03-08 15:18:57.922 DEBUG 27089 --- [main] o.mybatis.spring.SqlSessionFactoryBean   : Property 'mapperLocations' was not specified or no matching resources found
2019-03-08 15:18:58.615  INFO 27089 --- [main] o.s.j.e.a.AnnotationMBeanExporter        : Registering beans for JMX exposure on startup
2019-03-08 15:18:58.616  INFO 27089 --- [main] o.s.j.e.a.AnnotationMBeanExporter        : Bean with name 'dataSource' has been autodetected for JMX exposure
2019-03-08 15:18:58.621  INFO 27089 --- [main] o.s.j.e.a.AnnotationMBeanExporter        : Located MBean 'dataSource': registering with JMX server as MBean [com.zaxxer.hikari:name=dataSource,type=HikariDataSource]
2019-03-08 15:18:58.893  INFO 27089 --- [main] o.a.c.f.imps.CuratorFrameworkImpl        : Starting
2019-03-08 15:18:58.900  INFO 27089 --- [main] org.apache.zookeeper.ZooKeeper           : Client environment:zookeeper.version=3.4.12--1, built on 03/27/2018 04:49 GMT
2019-03-08 15:18:58.901  INFO 27089 --- [main] org.apache.zookeeper.ZooKeeper           : Client environment:host.name=10.40.122.2
2019-03-08 15:18:58.901  INFO 27089 --- [main] org.apache.zookeeper.ZooKeeper           : Client environment:java.version=1.8.0_181
2019-03-08 15:18:58.901  INFO 27089 --- [main] org.apache.zookeeper.ZooKeeper           : Client environment:java.vendor=Oracle Corporation
2019-03-08 15:18:58.901  INFO 27089 --- [main] org.apache.zookeeper.ZooKeeper           : Client environment:java.home=/Library/Java/JavaVirtualMachines/jdk1.8.0_181.jdk/Contents/Home/jre
2019-03-08 15:18:58.901  INFO 27089 --- [main] org.apache.zookeeper.ZooKeeper           : Client environment:java.class.path=/Library/Java/JavaVirtualMachines/jdk1.8.0_181.jdk/Contents/Home/jre/lib/charsets.jar:/Library/Java/JavaVirtualMachines/jdk1.8.0_181.jdk/Contents/Home/jre/lib/deploy.jar:/Library/Java/JavaVirtualMachines/jdk1.8.0_181.jdk/Contents/Home/jre/lib/ext/cldrdata.jar:/Library/Java/JavaVirtualMachines/jdk1.8.0_181.jdk/Contents/Home/jre/lib/ext/dnsns.jar:/Library/Java/JavaVirtualMachines/jdk1.8.0_181.jdk/Contents/Home/jre/lib/ext/jaccess.jar:/Library/Java/JavaVirtualMachines/jdk1.8.0_181.jdk/Contents/Home/jre/lib/ext/jfxrt.jar:/Library/Java/JavaVirtualMachines/jdk1.8.0_181.jdk/Contents/Home/jre/lib/ext/localedata.jar:/Library/Java/JavaVirtualMachines/jdk1.8.0_181.jdk/Contents/Home/jre/lib/ext/nashorn.jar:/Library/Java/JavaVirtualMachines/jdk1.8.0_181.jdk/Contents/Home/jre/lib/ext/sunec.jar:/Library/Java/JavaVirtualMachines/jdk1.8.0_181.jdk/Contents/Home/jre/lib/ext/sunjce_provider.jar:/Library/Java/JavaVirtualMachines/jdk1.8.0_181.jdk/Contents/Home/jre/lib/ext/sunpkcs11.jar:/Library/Java/JavaVirtualMachines/jdk1.8.0_181.jdk/Contents/Home/jre/lib/ext/zipfs.jar:/Library/Java/JavaVirtualMachines/jdk1.8.0_181.jdk/Contents/Home/jre/lib/javaws.jar:/Library/Java/JavaVirtualMachines/jdk1.8.0_181.jdk/Contents/Home/jre/lib/jce.jar:/Library/Java/JavaVirtualMachines/jdk1.8.0_181.jdk/Contents/Home/jre/lib/jfr.jar:/Library/Java/JavaVirtualMachines/jdk1.8.0_181.jdk/Contents/Home/jre/lib/jfxswt.jar:/Library/Java/JavaVirtualMachines/jdk1.8.0_181.jdk/Contents/Home/jre/lib/jsse.jar:/Library/Java/JavaVirtualMachines/jdk1.8.0_181.jdk/Contents/Home/jre/lib/management-agent.jar:/Library/Java/JavaVirtualMachines/jdk1.8.0_181.jdk/Contents/Home/jre/lib/plugin.jar:/Library/Java/JavaVirtualMachines/jdk1.8.0_181.jdk/Contents/Home/jre/lib/resources.jar:/Library/Java/JavaVirtualMachines/jdk1.8.0_181.jdk/Contents/Home/jre/lib/rt.jar:/Library/Java/JavaVirtualMachines/jdk1.8.0_181.jdk/Contents/Home/lib/ant-javafx.jar:/Library/Java/JavaVirtualMachines/jdk1.8.0_181.jdk/Contents/Home/lib/dt.jar:/Library/Java/JavaVirtualMachines/jdk1.8.0_181.jdk/Contents/Home/lib/javafx-mx.jar:/Library/Java/JavaVirtualMachines/jdk1.8.0_181.jdk/Contents/Home/lib/jconsole.jar:/Library/Java/JavaVirtualMachines/jdk1.8.0_181.jdk/Contents/Home/lib/packager.jar:/Library/Java/JavaVirtualMachines/jdk1.8.0_181.jdk/Contents/Home/lib/sa-jdi.jar:/Library/Java/JavaVirtualMachines/jdk1.8.0_181.jdk/Contents/Home/lib/tools.jar:/Users/raymon/Documents/software/workspace/dubbo-boot/dubbo-provider/target/classes:/Users/raymon/.m2/repository/org/springframework/boot/spring-boot-starter-web/2.0.3.RELEASE/spring-boot-starter-web-2.0.3.RELEASE.jar:/Users/raymon/.m2/repository/org/springframework/boot/spring-boot-starter/2.0.3.RELEASE/spring-boot-starter-2.0.3.RELEASE.jar:/Users/raymon/.m2/repository/org/springframework/boot/spring-boot/2.0.3.RELEASE/spring-boot-2.0.3.RELEASE.jar:/Users/raymon/.m2/repository/org/springframework/boot/spring-boot-autoconfigure/2.0.3.RELEASE/spring-boot-autoconfigure-2.0.3.RELEASE.jar:/Users/raymon/.m2/repository/org/springframework/boot/spring-boot-starter-logging/2.0.3.RELEASE/spring-boot-starter-logging-2.0.3.RELEASE.jar:/Users/raymon/.m2/repository/ch/qos/logback/logback-classic/1.2.3/logback-classic-1.2.3.jar:/Users/raymon/.m2/repository/ch/qos/logback/logback-core/1.2.3/logback-core-1.2.3.jar:/Users/raymon/.m2/repository/org/apache/logging/log4j/log4j-to-slf4j/2.10.0/log4j-to-slf4j-2.10.0.jar:/Users/raymon/.m2/repository/org/apache/logging/log4j/log4j-api/2.10.0/log4j-api-2.10.0.jar:/Users/raymon/.m2/repository/org/slf4j/jul-to-slf4j/1.7.25/jul-to-slf4j-1.7.25.jar:/Users/raymon/.m2/repository/javax/annotation/javax.annotation-api/1.3.2/javax.annotation-api-1.3.2.jar:/Users/raymon/.m2/repository/org/yaml/snakeyaml/1.19/snakeyaml-1.19.jar:/Users/raymon/.m2/repository/org/springframework/boot/spring-boot-starter-json/2.0.3.RELEASE/spring-boot-starter-json-2.0.3.RELEASE.jar:/Users/raymon/.m2/repository/com/fasterxml/jackson/core/jackson-databind/2.9.6/jackson-databind-2.9.6.jar:/Users/raymon/.m2/repository/com/fasterxml/jackson/core/jackson-annotations/2.9.0/jackson-annotations-2.9.0.jar:/Users/raymon/.m2/repository/com/fasterxml/jackson/core/jackson-core/2.9.6/jackson-core-2.9.6.jar:/Users/raymon/.m2/repository/com/fasterxml/jackson/datatype/jackson-datatype-jdk8/2.9.6/jackson-datatype-jdk8-2.9.6.jar:/Users/raymon/.m2/repository/com/fasterxml/jackson/datatype/jackson-datatype-jsr310/2.9.6/jackson-datatype-jsr310-2.9.6.jar:/Users/raymon/.m2/repository/com/fasterxml/jackson/module/jackson-module-parameter-names/2.9.6/jackson-module-parameter-names-2.9.6.jar:/Users/raymon/.m2/repository/org/springframework/boot/spring-boot-starter-tomcat/2.0.3.RELEASE/spring-boot-starter-tomcat-2.0.3.RELEASE.jar:/Users/raymon/.m2/repository/org/apache/tomcat/embed/tomcat-embed-core/8.5.31/tomcat-embed-core-8.5.31.jar:/Users/raymon/.m2/repository/org/apache/tomcat/embed/tomcat-embed-el/8.5.31/tomcat-embed-el-8.5.31.jar:/Users/raymon/.m2/repository/org/apache/tomcat/embed/tomcat-embed-websocket/8.5.31/tomcat-embed-websocket-8.5.31.jar:/Users/raymon/.m2/repository/org/hibernate/validator/hibernate-validator/6.0.10.Final/hibernate-validator-6.0.10.Final.jar:/Users/raymon/.m2/repository/javax/validation/validation-api/2.0.1.Final/validation-api-2.0.1.Final.jar:/Users/raymon/.m2/repository/org/jboss/logging/jboss-logging/3.3.2.Final/jboss-logging-3.3.2.Final.jar:/Users/raymon/.m2/repository/com/fasterxml/classmate/1.3.4/classmate-1.3.4.jar:/Users/raymon/.m2/repository/org/springframework/spring-web/5.0.7.RELEASE/spring-web-5.0.7.RELEASE.jar:/Users/raymon/.m2/repository/org/springframework/spring-webmvc/5.0.7.RELEASE/spring-webmvc-5.0.7.RELEASE.jar:/Users/raymon/.m2/repository/org/springframework/spring-aop/5.0.7.RELEASE/spring-aop-5.0.7.RELEASE.jar:/Users/raymon/.m2/repository/org/springframework/spring-context/5.0.7.RELEASE/spring-context-5.0.7.RELEASE.jar:/Users/raymon/.m2/repository/org/springframework/spring-expression/5.0.7.RELEASE/spring-expression-5.0.7.RELEASE.jar:/Users/raymon/.m2/repository/org/assertj/assertj-core/3.9.1/assertj-core-3.9.1.jar:/Users/raymon/.m2/repository/org/springframework/spring-core/5.0.7.RELEASE/spring-core-5.0.7.RELEASE.jar:/Users/raymon/.m2/repository/org/springframework/spring-jcl/5.0.7.RELEASE/spring-jcl-5.0.7.RELEASE.jar:/Users/raymon/.m2/repository/mysql/mysql-connector-java/5.1.46/mysql-connector-java-5.1.46.jar:/Users/raymon/.m2/repository/org/postgresql/postgresql/42.2.2/postgresql-42.2.2.jar:/Users/raymon/.m2/repository/org/springframework/boot/spring-boot-starter-jdbc/2.0.3.RELEASE/spring-boot-starter-jdbc-2.0.3.RELEASE.jar:/Users/raymon/.m2/repository/org/springframework/spring-jdbc/5.0.7.RELEASE/spring-jdbc-5.0.7.RELEASE.jar:/Users/raymon/.m2/repository/com/zaxxer/HikariCP/2.7.8/HikariCP-2.7.8.jar:/Users/raymon/.m2/repository/org/slf4j/slf4j-api/1.7.25/slf4j-api-1.7.25.jar:/Users/raymon/.m2/repository/com/alibaba/fastjson/1.2.39/fastjson-1.2.39.jar:/Users/raymon/.m2/repository/org/springframework/spring-tx/5.0.7.RELEASE/spring-tx-5.0.7.RELEASE.jar:/Users/raymon/.m2/repository/org/springframework/spring-beans/5.0.7.RELEASE/spring-beans-5.0.7.RELEASE.jar:/Users/raymon/.m2/repository/xerces/xercesImpl/2.9.1/xercesImpl-2.9.1.jar:/Users/raymon/.m2/repository/xml-apis/xml-apis/1.4.01/xml-apis-1.4.01.jar:/Users/raymon/Documents/software/workspace/dubbo-boot/dubbo-api/target/classes:/Users/raymon/.m2/repository/com/google/code/google-collections/google-collect/snapshot-20080530/google-collect-snapshot-20080530.jar:/Users/raymon/.m2/repository/commons-logging/commons-logging/1.2/commons-logging-1.2.jar:/Users/raymon/.m2/repository/org/apache/httpcomponents/httpclient/4.5.5/httpclient-4.5.5.jar:/Users/raymon/.m2/repository/commons-codec/commons-codec/1.11/commons-codec-1.11.jar:/Users/raymon/.m2/repository/org/apache/httpcomponents/httpcore/4.4.9/httpcore-4.4.9.jar:/Users/raymon/.m2/repository/net/sf/json-lib/json-lib/2.4/json-lib-2.4-jdk15.jar:/Users/raymon/.m2/repository/commons-beanutils/commons-beanutils/1.8.0/commons-beanutils-1.8.0.jar:/Users/raymon/.m2/repository/commons-collections/commons-collections/3.2.1/commons-collections-3.2.1.jar:/Users/raymon/.m2/repository/commons-lang/commons-lang/2.5/commons-lang-2.5.jar:/Users/raymon/.m2/repository/net/sf/ezmorph/ezmorph/1.0.6/ezmorph-1.0.6.jar:/Users/raymon/.m2/repository/commons-httpclient/commons-httpclient/3.1/commons-httpclient-3.1.jar:/Users/raymon/.m2/repository/org/apache/poi/poi/4.0.1/poi-4.0.1.jar:/Users/raymon/.m2/repository/org/apache/commons/commons-collections4/4.2/commons-collections4-4.2.jar:/Users/raymon/.m2/repository/org/apache/commons/commons-math3/3.6.1/commons-math3-3.6.1.jar:/Users/raymon/.m2/repository/org/apache/poi/poi-ooxml/4.0.1/poi-ooxml-4.0.1.jar:/Users/raymon/.m2/repository/org/apache/commons/commons-compress/1.18/commons-compress-1.18.jar:/Users/raymon/.m2/repository/com/github/virtuald/curvesapi/1.05/curvesapi-1.05.jar:/Users/raymon/.m2/repository/org/apache/poi/poi-ooxml-schemas/4.0.1/poi-ooxml-schemas-4.0.1.jar:/Users/raymon/.m2/repository/org/apache/xmlbeans/xmlbeans/3.0.2/xmlbeans-3.0.2.jar:/Users/raymon/.m2/repository/com/google/code/gson/gson/2.8.5/gson-2.8.5.jar:/Users/raymon/.m2/repository/org/xmlunit/xmlunit-core/2.5.1/xmlunit-core-2.5.1.jar:/Users/raymon/.m2/repository/org/mybatis/mybatis-spring/1.3.1/mybatis-spring-1.3.1.jar:/Users/raymon/.m2/repository/org/mybatis/spring/boot/mybatis-spring-boot-starter/1.3.0/mybatis-spring-boot-starter-1.3.0.jar:/Users/raymon/.m2/repository/org/mybatis/spring/boot/mybatis-spring-boot-autoconfigure/1.3.0/mybatis-spring-boot-autoconfigure-1.3.0.jar:/Users/raymon/.m2/repository/org/mybatis/mybatis/3.4.4/mybatis-3.4.4.jar:/Users/raymon/.m2/repository/com/baomidou/mybatis-plus/2.3/mybatis-plus-2.3.jar:/Users/raymon/.m2/repository/com/baomidou/mybatis-plus-support/2.3/mybatis-plus-support-2.3.jar:/Users/raymon/.m2/repository/com/baomidou/mybatis-plus-core/2.3/mybatis-plus-core-2.3.jar:/Users/raymon/.m2/repository/com/github/jsqlparser/jsqlparser/1.1/jsqlparser-1.1.jar:/Users/raymon/.m2/repository/com/baomidou/mybatis-plus-generate/2.3/mybatis-plus-generate-2.3.jar:/Users/raymon/.m2/repository/org/apache/velocity/velocity-engine-core/2.0/velocity-engine-core-2.0.jar:/Users/raymon/.m2/repository/com/alibaba/boot/dubbo-spring-boot-starter/0.2.0/dubbo-spring-boot-starter-0.2.0.jar:/Users/raymon/.m2/repository/com/alibaba/dubbo/2.6.2/dubbo-2.6.2.jar:/Users/raymon/.m2/repository/org/javassist/javassist/3.20.0-GA/javassist-3.20.0-GA.jar:/Users/raymon/.m2/repository/org/jboss/netty/netty/3.2.5.Final/netty-3.2.5.Final.jar:/Users/raymon/.m2/repository/org/apache/curator/curator-framework/2.12.0/curator-framework-2.12.0.jar:/Users/raymon/.m2/repository/org/apache/curator/curator-client/2.12.0/curator-client-2.12.0.jar:/Users/raymon/.m2/repository/com/google/guava/guava/16.0.1/guava-16.0.1.jar:/Users/raymon/.m2/repository/com/alibaba/boot/dubbo-spring-boot-autoconfigure/0.2.0/dubbo-spring-boot-autoconfigure-0.2.0.jar:/Users/raymon/.m2/repository/org/springframework/boot/spring-boot-starter-data-redis/2.0.3.RELEASE/spring-boot-starter-data-redis-2.0.3.RELEASE.jar:/Users/raymon/.m2/repository/org/springframework/data/spring-data-redis/2.0.8.RELEASE/spring-data-redis-2.0.8.RELEASE.jar:/Users/raymon/.m2/repository/org/springframework/data/spring-data-keyvalue/2.0.8.RELEASE/spring-data-keyvalue-2.0.8.RELEASE.jar:/Users/raymon/.m2/repository/org/springframework/data/spring-data-commons/2.0.8.RELEASE/spring-data-commons-2.0.8.RELEASE.jar:/Users/raymon/.m2/repository/org/springframework/spring-oxm/5.0.7.RELEASE/spring-oxm-5.0.7.RELEASE.jar:/Users/raymon/.m2/repository/org/springframework/spring-context-support/5.0.7.RELEASE/spring-context-support-5.0.7.RELEASE.jar:/Users/raymon/.m2/repository/redis/clients/jedis/2.9.0/jedis-2.9.0.jar:/Users/raymon/.m2/repository/org/apache/commons/commons-pool2/2.5.0/commons-pool2-2.5.0.jar:/Users/raymon/.m2/repository/org/apache/commons/commons-lang3/3.4/commons-lang3-3.4.jar:/Users/raymon/.m2/repository/com/101tec/zkclient/0.10/zkclient-0.10.jar:/Users/raymon/.m2/repository/org/apache/zookeeper/zookeeper/3.4.12/zookeeper-3.4.12.jar:/Users/raymon/.m2/repository/org/slf4j/slf4j-log4j12/1.7.25/slf4j-log4j12-1.7.25.jar:/Users/raymon/.m2/repository/log4j/log4j/1.2.17/log4j-1.2.17.jar:/Users/raymon/.m2/repository/jline/jline/0.9.94/jline-0.9.94.jar:/Users/raymon/.m2/repository/org/apache/yetus/audience-annotations/0.5.0/audience-annotations-0.5.0.jar:/Users/raymon/.m2/repository/io/netty/netty/3.10.6.Final/netty-3.10.6.Final.jar:/Applications/IntelliJ IDEA.app/Contents/lib/idea_rt.jar:/Users/raymon/Library/Caches/IntelliJIdea2017.3/captureAgent/debugger-agent.jar
2019-03-08 15:18:58.901  INFO 27089 --- [main] org.apache.zookeeper.ZooKeeper           : Client environment:java.library.path=/Users/raymon/Library/Java/Extensions:/Library/Java/Extensions:/Network/Library/Java/Extensions:/System/Library/Java/Extensions:/usr/lib/java:.
2019-03-08 15:18:58.901  INFO 27089 --- [main] org.apache.zookeeper.ZooKeeper           : Client environment:java.io.tmpdir=/var/folders/zh/0df9s4hs2fg_cft0h83n4yvw0000gn/T/
2019-03-08 15:18:58.901  INFO 27089 --- [main] org.apache.zookeeper.ZooKeeper           : Client environment:java.compiler=<NA>
2019-03-08 15:18:58.901  INFO 27089 --- [main] org.apache.zookeeper.ZooKeeper           : Client environment:os.name=Mac OS X
2019-03-08 15:18:58.901  INFO 27089 --- [main] org.apache.zookeeper.ZooKeeper           : Client environment:os.arch=x86_64
2019-03-08 15:18:58.901  INFO 27089 --- [main] org.apache.zookeeper.ZooKeeper           : Client environment:os.version=10.14.3
2019-03-08 15:18:58.901  INFO 27089 --- [main] org.apache.zookeeper.ZooKeeper           : Client environment:user.name=raymon
2019-03-08 15:18:58.901  INFO 27089 --- [main] org.apache.zookeeper.ZooKeeper           : Client environment:user.home=/Users/raymon
2019-03-08 15:18:58.901  INFO 27089 --- [main] org.apache.zookeeper.ZooKeeper           : Client environment:user.dir=/Users/raymon/Documents/software/workspace/dubbo-boot
2019-03-08 15:18:58.902  INFO 27089 --- [main] org.apache.zookeeper.ZooKeeper           : Initiating client connection, connectString=localhost:2181 sessionTimeout=60000 watcher=org.apache.curator.ConnectionState@5f61e002
2019-03-08 15:18:58.916  INFO 27089 --- [main-SendThread(localhost:2181)] org.apache.zookeeper.ClientCnxn          : Opening socket connection to server localhost/0:0:0:0:0:0:0:1:2181. Will not attempt to authenticate using SASL (unknown error)
2019-03-08 15:18:58.923  INFO 27089 --- [main-SendThread(localhost:2181)] org.apache.zookeeper.ClientCnxn          : Socket connection established to localhost/0:0:0:0:0:0:0:1:2181, initiating session
2019-03-08 15:18:58.937  INFO 27089 --- [main-SendThread(localhost:2181)] org.apache.zookeeper.ClientCnxn          : Session establishment complete on server localhost/0:0:0:0:0:0:0:1:2181, sessionid = 0x10004a7d78f0015, negotiated timeout = 40000
2019-03-08 15:18:58.942  INFO 27089 --- [main-EventThread] o.a.c.f.state.ConnectionStateManager     : State change: CONNECTED
2019-03-08 15:18:59.050  INFO 27089 --- [main] o.s.b.w.embedded.tomcat.TomcatWebServer  : Tomcat started on port(s): 8081 (http) with context path ''
2019-03-08 15:18:59.054  INFO 27089 --- [main] c.r.provider.DubboProviderApplication    : Started DubboProviderApplication in 4.445 seconds (JVM running for 5.808)
2019-03-08 15:19:19.348  INFO 27101 --- [restartedMain] a.b.d.c.e.WelcomeLogoApplicationListener : 

 :: Dubbo Spring Boot (v0.2.0) : https://github.com/apache/incubator-dubbo-spring-boot-project
 :: Dubbo (v2.6.2) : https://github.com/apache/incubator-dubbo
 :: Google group : dev@dubbo.incubator.apache.org

2019-03-08 15:19:19.353  INFO 27101 --- [restartedMain] e.OverrideDubboConfigApplicationListener : Dubbo Config was overridden by externalized configuration {dubbo.application.id=dubbo-consumer, dubbo.application.name=dubbo-consumer, dubbo.protocol.id=dubbo, dubbo.protocol.name=dubbo, dubbo.protocol.port=20880, dubbo.registry.address=zookeeper://localhost:2181, dubbo.registry.timeout=1200000}
2019-03-08 15:19:20.134  INFO 27101 --- [restartedMain] .s.d.r.c.RepositoryConfigurationDelegate : Multiple Spring Data modules found, entering strict repository configuration mode!
2019-03-08 15:19:20.766  INFO 27101 --- [restartedMain] o.apache.catalina.core.StandardService   : Starting service [Tomcat]
2019-03-08 15:19:20.766  INFO 27101 --- [restartedMain] org.apache.catalina.core.StandardEngine  : Starting Servlet Engine: Apache Tomcat/8.5.31
2019-03-08 15:19:20.769  INFO 27101 --- [localhost-startStop-1] o.a.catalina.core.AprLifecycleListener   : The APR based Apache Tomcat Native library which allows optimal performance in production environments was not found on the java.library.path: [/Users/raymon/Library/Java/Extensions:/Library/Java/Extensions:/Network/Library/Java/Extensions:/System/Library/Java/Extensions:/usr/lib/java:.]
2019-03-08 15:19:20.868  INFO 27101 --- [localhost-startStop-1] o.a.c.c.C.[Tomcat].[localhost].[/]       : Initializing Spring embedded WebApplicationContext
2019-03-08 15:34:42.249  INFO 27089 --- [Thread-12] ConfigServletWebServerApplicationContext : Closing org.springframework.boot.web.servlet.context.AnnotationConfigServletWebServerApplicationContext@158a3b2e: startup date [Fri Mar 08 15:18:55 CST 2019]; root of context hierarchy
2019-03-08 15:34:42.270  INFO 27089 --- [Thread-12] o.s.j.e.a.AnnotationMBeanExporter        : Unregistering JMX-exposed beans on shutdown
2019-03-08 15:34:42.271  INFO 27089 --- [Thread-12] o.s.j.e.a.AnnotationMBeanExporter        : Unregistering JMX-exposed beans
2019-03-08 15:34:42.273  INFO 27089 --- [Curator-Framework-0] o.a.c.f.imps.CuratorFrameworkImpl        : backgroundOperationsLoop exiting
2019-03-08 15:34:42.275  INFO 27089 --- [Thread-12] f.a.ReferenceAnnotationBeanPostProcessor : class com.alibaba.dubbo.config.spring.beans.factory.annotation.ReferenceAnnotationBeanPostProcessor was destroying!
2019-03-08 15:34:42.279  INFO 27089 --- [DubboShutdownHook] org.apache.zookeeper.ZooKeeper           : Session: 0x10004a7d78f0015 closed
2019-03-08 15:34:42.279  INFO 27089 --- [main-EventThread] org.apache.zookeeper.ClientCnxn          : EventThread shut down for session: 0x10004a7d78f0015
